13:02:49.369 [NamespaceSystem-akka.actor.default-dispatcher-4] INFO akka.event.slf4j.Slf4jLogger - Slf4jLogger started
13:02:49.504 [main] INFO com.firebase.server.forge.App$ - Listening at 127.0.0.1:9000
13:02:55.662 [NamespaceSystem-akka.actor.default-dispatcher-4] INFO com.firebase.core.namespace.NamespaceActor - cloudspa-262a4-default-rtdb successfully activated FBKV (SurveyIdle(0)) wait: 110ms, init: 0ms
13:02:55.703 [NamespaceSystem-blocking-namespace-operation-dispatcher-6] INFO com.firebase.core.namespace.StateManager - Namespace cloudspa-262a4-default-rtdb status Active to Active
13:02:57.976 [FirebaseWorkerPool-1-3] WARN com.firebase.core.persistence.backend.dummy.EmulatorMetadataPersistence - Multiple projectIds are not recommended in single project mode. Requested 
namespace 127, but the emulator is configured for cloudspa-262a4-default-rtdb. To 
opt-out of single project mode add/set the singleProjectMode: false property in 
the firebase.json emulators config. 
13:02:57.983 [NamespaceSystem-akka.actor.default-dispatcher-4] INFO com.firebase.core.namespace.NamespaceActor - 127 successfully activated FBKV (SurveyIdle(0)) wait: 2ms, init: 0ms
13:57:01.012 [FirebaseWorkerPool-1-2] WARN com.firebase.core.persistence.backend.dummy.EmulatorMetadataPersistence - Multiple projectIds are not recommended in single project mode. Requested 
namespace cloudspa-262a4, but the emulator is configured for cloudspa-262a4-default-rtdb,127. To 
opt-out of single project mode add/set the singleProjectMode: false property in 
the firebase.json emulators config. 
13:57:01.034 [NamespaceSystem-akka.actor.default-dispatcher-34] INFO com.firebase.core.namespace.NamespaceActor - cloudspa-262a4 successfully activated FBKV (SurveyIdle(0)) wait: 3ms, init: 0ms
13:57:03.492 [FirebaseWorkerPool-1-2] WARN com.firebase.core.persistence.backend.dummy.EmulatorMetadataPersistence - Multiple projectIds are not recommended in single project mode. Requested 
namespace fake-server, but the emulator is configured for cloudspa-262a4,cloudspa-262a4-default-rtdb,127. To 
opt-out of single project mode add/set the singleProjectMode: false property in 
the firebase.json emulators config. 
13:57:03.496 [NamespaceSystem-akka.actor.default-dispatcher-31] INFO com.firebase.core.namespace.NamespaceActor - fake-server successfully activated FBKV (SurveyIdle(0)) wait: 2ms, init: 0ms
15:28:50.965 [Thread-0] INFO com.firebase.server.forge.App$ - Attempting graceful shutdown.
15:28:50.989 [NamespaceSystem-akka.actor.default-dispatcher-167] INFO com.firebase.core.namespace.Terminator$Terminator - 4 actors left to terminate: cloudspa-262a4, fake-server, 127, cloudspa-262a4-default-rtdb
15:28:50.994 [NamespaceSystem-akka.actor.default-dispatcher-167] INFO com.firebase.core.namespace.NamespaceActor - stopped namespace actor for cloudspa-262a4-default-rtdb
15:28:50.994 [NamespaceSystem-akka.actor.default-dispatcher-173] INFO com.firebase.core.namespace.NamespaceActor - stopped namespace actor for fake-server
15:28:50.994 [NamespaceSystem-akka.actor.default-dispatcher-171] INFO com.firebase.core.namespace.NamespaceActor - stopped namespace actor for cloudspa-262a4
15:28:50.994 [NamespaceSystem-akka.actor.default-dispatcher-172] INFO com.firebase.core.namespace.NamespaceActor - stopped namespace actor for 127
15:28:50.997 [Thread-0] INFO com.firebase.server.forge.App$ - Graceful shutdown complete.
