[debug] [2025-08-24T19:51:54.129Z] ----------------------------------------------------------------------
[debug] [2025-08-24T19:51:54.130Z] Command:       /usr/local/bin/node /usr/local/bin/firebase emulators:start
[debug] [2025-08-24T19:51:54.130Z] CLI Version:   14.14.0
[debug] [2025-08-24T19:51:54.130Z] Platform:      darwin
[debug] [2025-08-24T19:51:54.130Z] Node Version:  v22.18.0
[debug] [2025-08-24T19:51:54.131Z] Time:          Sun Aug 24 2025 21:51:54 GMT+0200 (Central European Summer Time)
[debug] [2025-08-24T19:51:54.131Z] ----------------------------------------------------------------------
[debug] 
[debug] [2025-08-24T19:51:54.131Z] >>> [apiv2][query] GET https://firebase-public.firebaseio.com/cli.json [none]
[debug] [2025-08-24T19:51:54.222Z] > command requires scopes: ["email","openid","https://www.googleapis.com/auth/cloudplatformprojects.readonly","https://www.googleapis.com/auth/firebase","https://www.googleapis.com/auth/cloud-platform"]
[debug] Failed to authenticate, have you run firebase login?
[warn] ⚠  emulators: You are not currently authenticated so some features may not work correctly. Please run firebase login to authenticate the CLI. 
[debug] [2025-08-24T19:51:54.248Z] openjdk version "17.0.16" 2025-07-15

[debug] [2025-08-24T19:51:54.248Z] OpenJDK Runtime Environment Homebrew (build 17.0.16+0)
OpenJDK 64-Bit Server VM Homebrew (build 17.0.16+0, mixed mode, sharing)

[debug] [2025-08-24T19:51:54.251Z] Parsed Java major version: 17
[info] i  emulators: Starting emulators: auth, database {"metadata":{"emulator":{"name":"hub"},"message":"Starting emulators: auth, database"}}
[debug] [2025-08-24T19:51:54.506Z] [logging] Logging Emulator only supports listening on one address (127.0.0.1). Not listening on ::1
[debug] [2025-08-24T19:51:54.506Z] [auth] Authentication Emulator only supports listening on one address (127.0.0.1). Not listening on ::1
[debug] [2025-08-24T19:51:54.506Z] [database] Database Emulator only supports listening on one address (127.0.0.1). Not listening on ::1
[debug] [2025-08-24T19:51:54.506Z] assigned listening specs for emulators {"user":{"hub":[{"address":"127.0.0.1","family":"IPv4","port":4400},{"address":"::1","family":"IPv6","port":4400}],"ui":[{"address":"127.0.0.1","family":"IPv4","port":4000},{"address":"::1","family":"IPv6","port":4000}],"logging":[{"address":"127.0.0.1","family":"IPv4","port":4500}],"auth":[{"address":"127.0.0.1","family":"IPv4","port":9099}],"database":[{"address":"127.0.0.1","family":"IPv4","port":9000}]},"metadata":{"message":"assigned listening specs for emulators"}}
[debug] [2025-08-24T19:51:54.507Z] [hub] writing locator at /var/folders/0f/1v3jrb6x44n0s__kcn8x0z940000gn/T/hub-cloudspa-262a4.json
[debug] [2025-08-24T19:51:54.510Z] No OAuth tokens found
[debug] [2025-08-24T19:51:54.510Z] No OAuth tokens found
[debug] [2025-08-24T19:51:54.510Z] > command requires scopes: ["email","openid","https://www.googleapis.com/auth/cloudplatformprojects.readonly","https://www.googleapis.com/auth/firebase","https://www.googleapis.com/auth/cloud-platform"]
[debug] [2025-08-24T19:51:54.510Z] Failed to authenticate, have you run firebase login? (original: Could not load the default credentials. Browse to https://cloud.google.com/docs/authentication/getting-started for more information.)
[debug] [2025-08-24T19:51:54.510Z] Failed to retrieve default database instance: {"name":"FirebaseError","children":[],"exit":2,"message":"Failed to get Firebase project cloudspa-262a4. Please make sure the project exists and your account has permission to access it.","original":{"name":"FirebaseError","children":[],"exit":1,"message":"Failed to authenticate, have you run \u001b[1mfirebase login\u001b[22m?","original":{},"status":500},"status":500} {"metadata":{"emulator":{"name":"database"},"message":"Failed to retrieve default database instance: {\"name\":\"FirebaseError\",\"children\":[],\"exit\":2,\"message\":\"Failed to get Firebase project cloudspa-262a4. Please make sure the project exists and your account has permission to access it.\",\"original\":{\"name\":\"FirebaseError\",\"children\":[],\"exit\":1,\"message\":\"Failed to authenticate, have you run \\u001b[1mfirebase login\\u001b[22m?\",\"original\":{},\"status\":500},\"status\":500}"}}
[debug] [2025-08-24T19:51:54.510Z] database rules config:  [{"instance":"cloudspa-262a4-default-rtdb","rules":"/Users/samanshaheen/Documents/GitHub/Cloud-Spa-React/test/database.rules.json"}]
[info] i  database: downloading firebase-database-emulator-v4.11.2.jar... {"metadata":{"emulator":{"name":"database"},"message":"downloading firebase-database-emulator-v4.11.2.jar..."}}
[debug] [2025-08-24T19:51:54.511Z] >>> [apiv2][query] GET https://storage.googleapis.com/firebase-preview-drop/emulator/firebase-database-emulator-v4.11.2.jar 
[debug] [2025-08-24T19:51:54.652Z] <<< [apiv2][status] GET https://firebase-public.firebaseio.com/cli.json 200
[debug] [2025-08-24T19:51:54.652Z] <<< [apiv2][body] GET https://firebase-public.firebaseio.com/cli.json {"cloudBuildErrorAfter":1594252800000,"cloudBuildWarnAfter":1590019200000,"defaultNode10After":1594252800000,"minVersion":"3.0.5","node8DeploysDisabledAfter":1613390400000,"node8RuntimeDisabledAfter":1615809600000,"node8WarnAfter":1600128000000}
[debug] [2025-08-24T19:51:54.740Z] <<< [apiv2][status] GET https://storage.googleapis.com/firebase-preview-drop/emulator/firebase-database-emulator-v4.11.2.jar 200
[debug] [2025-08-24T19:51:54.740Z] <<< [apiv2][body] GET https://storage.googleapis.com/firebase-preview-drop/emulator/firebase-database-emulator-v4.11.2.jar [stream]
[debug] [2025-08-24T19:51:56.725Z] Ignoring unsupported arg: projectId {"metadata":{"emulator":{"name":"database"},"message":"Ignoring unsupported arg: projectId"}}
[debug] [2025-08-24T19:51:56.725Z] Ignoring unsupported arg: auto_download {"metadata":{"emulator":{"name":"database"},"message":"Ignoring unsupported arg: auto_download"}}
[debug] [2025-08-24T19:51:56.725Z] Ignoring unsupported arg: rules {"metadata":{"emulator":{"name":"database"},"message":"Ignoring unsupported arg: rules"}}
[debug] [2025-08-24T19:51:56.725Z] Starting Database Emulator with command {"binary":"java","args":["-Duser.language=en","-jar","/Users/samanshaheen/.cache/firebase/emulators/firebase-database-emulator-v4.11.2.jar","--host","127.0.0.1","--port",9000,"--single_project_mode","Warning"],"optionalArgs":["port","host","functions_emulator_port","functions_emulator_host","single_project_mode"],"joinArgs":false,"shell":false,"port":9000} {"metadata":{"emulator":{"name":"database"},"message":"Starting Database Emulator with command {\"binary\":\"java\",\"args\":[\"-Duser.language=en\",\"-jar\",\"/Users/samanshaheen/.cache/firebase/emulators/firebase-database-emulator-v4.11.2.jar\",\"--host\",\"127.0.0.1\",\"--port\",9000,\"--single_project_mode\",\"Warning\"],\"optionalArgs\":[\"port\",\"host\",\"functions_emulator_port\",\"functions_emulator_host\",\"single_project_mode\"],\"joinArgs\":false,\"shell\":false,\"port\":9000}"}}
[info] i  database: Database Emulator logging to database-debug.log {"metadata":{"emulator":{"name":"database"},"message":"Database Emulator logging to \u001b[1mdatabase-debug.log\u001b[22m"}}
[debug] [2025-08-24T19:51:57.080Z] 21:51:57.079 [NamespaceSystem-akka.actor.default-dispatcher-5] INFO akka.event.slf4j.Slf4jLogger - Slf4jLogger started
 {"metadata":{"emulator":{"name":"database"},"message":"21:51:57.079 [NamespaceSystem-akka.actor.default-dispatcher-5] INFO akka.event.slf4j.Slf4jLogger - Slf4jLogger started\n"}}
[debug] [2025-08-24T19:51:57.127Z] 21:51:57.127 [main] INFO com.firebase.server.forge.App$ - Listening at 127.0.0.1:9000
 {"metadata":{"emulator":{"name":"database"},"message":"21:51:57.127 [main] INFO com.firebase.server.forge.App$ - Listening at 127.0.0.1:9000\n"}}
[info] i  ui: downloading ui-v1.15.0.zip... {"metadata":{"emulator":{"name":"ui"},"message":"downloading ui-v1.15.0.zip..."}}
[debug] [2025-08-24T19:51:59.061Z] >>> [apiv2][query] GET https://storage.googleapis.com/firebase-preview-drop/emulator/ui-v1.15.0.zip 
[debug] [2025-08-24T19:51:59.085Z] <<< [apiv2][status] GET https://storage.googleapis.com/firebase-preview-drop/emulator/ui-v1.15.0.zip 200
[debug] [2025-08-24T19:51:59.085Z] <<< [apiv2][body] GET https://storage.googleapis.com/firebase-preview-drop/emulator/ui-v1.15.0.zip [stream]
[debug] [2025-08-24T19:51:59.181Z] Data is 3538469
[debug] [2025-08-24T19:51:59.181Z] [unzip] Entry: client/ (compressed_size=0 bytes, uncompressed_size=0 bytes)
[debug] [2025-08-24T19:51:59.181Z] [unzip] Processing entry: client/
[debug] [2025-08-24T19:51:59.181Z] [unzip] mkdir: /Users/samanshaheen/.cache/firebase/emulators/ui-v1.15.0/client/
[debug] [2025-08-24T19:51:59.181Z] [unzip] Entry: client/favicon-16x16.png (compressed_size=293 bytes, uncompressed_size=293 bytes)
[debug] [2025-08-24T19:51:59.181Z] [unzip] Processing entry: client/favicon-16x16.png
[debug] [2025-08-24T19:51:59.181Z] [unzip] else mkdir: /Users/samanshaheen/.cache/firebase/emulators/ui-v1.15.0/client
[debug] [2025-08-24T19:51:59.181Z] [unzip] Writing file: /Users/samanshaheen/.cache/firebase/emulators/ui-v1.15.0/client/favicon-16x16.png
[debug] [2025-08-24T19:51:59.182Z] [unzip] Entry: client/safari-pinned-tab.svg (compressed_size=1433 bytes, uncompressed_size=2611 bytes)
[debug] [2025-08-24T19:51:59.182Z] [unzip] Processing entry: client/safari-pinned-tab.svg
[debug] [2025-08-24T19:51:59.182Z] [unzip] else mkdir: /Users/samanshaheen/.cache/firebase/emulators/ui-v1.15.0/client
[debug] [2025-08-24T19:51:59.182Z] [unzip] deflating: /Users/samanshaheen/.cache/firebase/emulators/ui-v1.15.0/client/safari-pinned-tab.svg
[debug] [2025-08-24T19:51:59.183Z] [unzip] Entry: client/favicon.ico (compressed_size=2933 bytes, uncompressed_size=13294 bytes)
[debug] [2025-08-24T19:51:59.183Z] [unzip] Processing entry: client/favicon.ico
[debug] [2025-08-24T19:51:59.183Z] [unzip] else mkdir: /Users/samanshaheen/.cache/firebase/emulators/ui-v1.15.0/client
[debug] [2025-08-24T19:51:59.183Z] [unzip] deflating: /Users/samanshaheen/.cache/firebase/emulators/ui-v1.15.0/client/favicon.ico
[debug] [2025-08-24T19:51:59.184Z] [unzip] Entry: client/index.html (compressed_size=1364 bytes, uncompressed_size=3071 bytes)
[debug] [2025-08-24T19:51:59.184Z] [unzip] Processing entry: client/index.html
[debug] [2025-08-24T19:51:59.184Z] [unzip] else mkdir: /Users/samanshaheen/.cache/firebase/emulators/ui-v1.15.0/client
[debug] [2025-08-24T19:51:59.184Z] [unzip] deflating: /Users/samanshaheen/.cache/firebase/emulators/ui-v1.15.0/client/index.html
[debug] [2025-08-24T19:51:59.184Z] [unzip] Entry: client/android-chrome-192x192.png (compressed_size=2684 bytes, uncompressed_size=2684 bytes)
[debug] [2025-08-24T19:51:59.184Z] [unzip] Processing entry: client/android-chrome-192x192.png
[debug] [2025-08-24T19:51:59.184Z] [unzip] else mkdir: /Users/samanshaheen/.cache/firebase/emulators/ui-v1.15.0/client
[debug] [2025-08-24T19:51:59.185Z] [unzip] Writing file: /Users/samanshaheen/.cache/firebase/emulators/ui-v1.15.0/client/android-chrome-192x192.png
[debug] [2025-08-24T19:51:59.185Z] [unzip] Entry: client/apple-touch-icon.png (compressed_size=2123 bytes, uncompressed_size=2152 bytes)
[debug] [2025-08-24T19:51:59.185Z] [unzip] Processing entry: client/apple-touch-icon.png
[debug] [2025-08-24T19:51:59.185Z] [unzip] else mkdir: /Users/samanshaheen/.cache/firebase/emulators/ui-v1.15.0/client
[debug] [2025-08-24T19:51:59.185Z] [unzip] deflating: /Users/samanshaheen/.cache/firebase/emulators/ui-v1.15.0/client/apple-touch-icon.png
[debug] [2025-08-24T19:51:59.185Z] [unzip] Entry: client/android-chrome-512x512.png (compressed_size=5369 bytes, uncompressed_size=5411 bytes)
[debug] [2025-08-24T19:51:59.185Z] [unzip] Processing entry: client/android-chrome-512x512.png
[debug] [2025-08-24T19:51:59.185Z] [unzip] else mkdir: /Users/samanshaheen/.cache/firebase/emulators/ui-v1.15.0/client
[debug] [2025-08-24T19:51:59.185Z] [unzip] deflating: /Users/samanshaheen/.cache/firebase/emulators/ui-v1.15.0/client/android-chrome-512x512.png
[debug] [2025-08-24T19:51:59.186Z] [unzip] Entry: client/manifest.json (compressed_size=245 bytes, uncompressed_size=551 bytes)
[debug] [2025-08-24T19:51:59.186Z] [unzip] Processing entry: client/manifest.json
[debug] [2025-08-24T19:51:59.186Z] [unzip] else mkdir: /Users/samanshaheen/.cache/firebase/emulators/ui-v1.15.0/client
[debug] [2025-08-24T19:51:59.186Z] [unzip] deflating: /Users/samanshaheen/.cache/firebase/emulators/ui-v1.15.0/client/manifest.json
[debug] [2025-08-24T19:51:59.186Z] [unzip] Entry: client/robots.txt (compressed_size=26 bytes, uncompressed_size=26 bytes)
[debug] [2025-08-24T19:51:59.186Z] [unzip] Processing entry: client/robots.txt
[debug] [2025-08-24T19:51:59.186Z] [unzip] else mkdir: /Users/samanshaheen/.cache/firebase/emulators/ui-v1.15.0/client
[debug] [2025-08-24T19:51:59.186Z] [unzip] Writing file: /Users/samanshaheen/.cache/firebase/emulators/ui-v1.15.0/client/robots.txt
[debug] [2025-08-24T19:51:59.186Z] [unzip] Entry: client/mstile-150x150.png (compressed_size=2034 bytes, uncompressed_size=2034 bytes)
[debug] [2025-08-24T19:51:59.186Z] [unzip] Processing entry: client/mstile-150x150.png
[debug] [2025-08-24T19:51:59.186Z] [unzip] else mkdir: /Users/samanshaheen/.cache/firebase/emulators/ui-v1.15.0/client
[debug] [2025-08-24T19:51:59.186Z] [unzip] Writing file: /Users/samanshaheen/.cache/firebase/emulators/ui-v1.15.0/client/mstile-150x150.png
[debug] [2025-08-24T19:51:59.186Z] [unzip] Entry: client/assets/ (compressed_size=0 bytes, uncompressed_size=0 bytes)
[debug] [2025-08-24T19:51:59.186Z] [unzip] Processing entry: client/assets/
[debug] [2025-08-24T19:51:59.186Z] [unzip] mkdir: /Users/samanshaheen/.cache/firebase/emulators/ui-v1.15.0/client/assets/
[debug] [2025-08-24T19:51:59.187Z] [unzip] Entry: client/assets/index-BX-A56oj.js (compressed_size=582089 bytes, uncompressed_size=2092775 bytes)
[debug] [2025-08-24T19:51:59.187Z] [unzip] Processing entry: client/assets/index-BX-A56oj.js
[debug] [2025-08-24T19:51:59.187Z] [unzip] else mkdir: /Users/samanshaheen/.cache/firebase/emulators/ui-v1.15.0/client/assets
[debug] [2025-08-24T19:51:59.187Z] [unzip] deflating: /Users/samanshaheen/.cache/firebase/emulators/ui-v1.15.0/client/assets/index-BX-A56oj.js
[debug] [2025-08-24T19:51:59.191Z] [unzip] Entry: client/assets/index-CjB9C900.css (compressed_size=35979 bytes, uncompressed_size=298654 bytes)
[debug] [2025-08-24T19:51:59.191Z] [unzip] Processing entry: client/assets/index-CjB9C900.css
[debug] [2025-08-24T19:51:59.191Z] [unzip] else mkdir: /Users/samanshaheen/.cache/firebase/emulators/ui-v1.15.0/client/assets
[debug] [2025-08-24T19:51:59.192Z] [unzip] deflating: /Users/samanshaheen/.cache/firebase/emulators/ui-v1.15.0/client/assets/index-CjB9C900.css
[debug] [2025-08-24T19:51:59.192Z] [unzip] Entry: client/assets/index-BX-A56oj.js.map (compressed_size=2362482 bytes, uncompressed_size=10036679 bytes)
[debug] [2025-08-24T19:51:59.192Z] [unzip] Processing entry: client/assets/index-BX-A56oj.js.map
[debug] [2025-08-24T19:51:59.192Z] [unzip] else mkdir: /Users/samanshaheen/.cache/firebase/emulators/ui-v1.15.0/client/assets
[debug] [2025-08-24T19:51:59.192Z] [unzip] deflating: /Users/samanshaheen/.cache/firebase/emulators/ui-v1.15.0/client/assets/index-BX-A56oj.js.map
[debug] [2025-08-24T19:51:59.210Z] [unzip] Entry: client/assets/extensions/ (compressed_size=0 bytes, uncompressed_size=0 bytes)
[debug] [2025-08-24T19:51:59.210Z] [unzip] Processing entry: client/assets/extensions/
[debug] [2025-08-24T19:51:59.210Z] [unzip] mkdir: /Users/samanshaheen/.cache/firebase/emulators/ui-v1.15.0/client/assets/extensions/
[debug] [2025-08-24T19:51:59.211Z] [unzip] Entry: client/assets/extensions/default-extension.png (compressed_size=1646 bytes, uncompressed_size=1657 bytes)
[debug] [2025-08-24T19:51:59.211Z] [unzip] Processing entry: client/assets/extensions/default-extension.png
[debug] [2025-08-24T19:51:59.211Z] [unzip] else mkdir: /Users/samanshaheen/.cache/firebase/emulators/ui-v1.15.0/client/assets/extensions
[debug] [2025-08-24T19:51:59.211Z] [unzip] deflating: /Users/samanshaheen/.cache/firebase/emulators/ui-v1.15.0/client/assets/extensions/default-extension.png
[debug] [2025-08-24T19:51:59.211Z] [unzip] Entry: client/assets/img/ (compressed_size=0 bytes, uncompressed_size=0 bytes)
[debug] [2025-08-24T19:51:59.211Z] [unzip] Processing entry: client/assets/img/
[debug] [2025-08-24T19:51:59.211Z] [unzip] mkdir: /Users/samanshaheen/.cache/firebase/emulators/ui-v1.15.0/client/assets/img/
[debug] [2025-08-24T19:51:59.211Z] [unzip] Entry: client/assets/img/database.png (compressed_size=29449 bytes, uncompressed_size=29988 bytes)
[debug] [2025-08-24T19:51:59.211Z] [unzip] Processing entry: client/assets/img/database.png
[debug] [2025-08-24T19:51:59.211Z] [unzip] else mkdir: /Users/samanshaheen/.cache/firebase/emulators/ui-v1.15.0/client/assets/img
[debug] [2025-08-24T19:51:59.211Z] [unzip] deflating: /Users/samanshaheen/.cache/firebase/emulators/ui-v1.15.0/client/assets/img/database.png
[debug] [2025-08-24T19:51:59.211Z] [unzip] Entry: client/assets/provider-icons/ (compressed_size=0 bytes, uncompressed_size=0 bytes)
[debug] [2025-08-24T19:51:59.212Z] [unzip] Processing entry: client/assets/provider-icons/
[debug] [2025-08-24T19:51:59.212Z] [unzip] mkdir: /Users/samanshaheen/.cache/firebase/emulators/ui-v1.15.0/client/assets/provider-icons/
[debug] [2025-08-24T19:51:59.212Z] [unzip] Entry: client/assets/provider-icons/auth_service_saml.svg (compressed_size=575 bytes, uncompressed_size=1226 bytes)
[debug] [2025-08-24T19:51:59.212Z] [unzip] Processing entry: client/assets/provider-icons/auth_service_saml.svg
[debug] [2025-08-24T19:51:59.212Z] [unzip] else mkdir: /Users/samanshaheen/.cache/firebase/emulators/ui-v1.15.0/client/assets/provider-icons
[debug] [2025-08-24T19:51:59.212Z] [unzip] deflating: /Users/samanshaheen/.cache/firebase/emulators/ui-v1.15.0/client/assets/provider-icons/auth_service_saml.svg
[debug] [2025-08-24T19:51:59.212Z] [unzip] Entry: client/assets/provider-icons/auth_service_phone.svg (compressed_size=261 bytes, uncompressed_size=414 bytes)
[debug] [2025-08-24T19:51:59.212Z] [unzip] Processing entry: client/assets/provider-icons/auth_service_phone.svg
[debug] [2025-08-24T19:51:59.212Z] [unzip] else mkdir: /Users/samanshaheen/.cache/firebase/emulators/ui-v1.15.0/client/assets/provider-icons
[debug] [2025-08-24T19:51:59.212Z] [unzip] deflating: /Users/samanshaheen/.cache/firebase/emulators/ui-v1.15.0/client/assets/provider-icons/auth_service_phone.svg
[debug] [2025-08-24T19:51:59.212Z] [unzip] Entry: client/assets/provider-icons/auth_service_facebook.svg (compressed_size=289 bytes, uncompressed_size=457 bytes)
[debug] [2025-08-24T19:51:59.212Z] [unzip] Processing entry: client/assets/provider-icons/auth_service_facebook.svg
[debug] [2025-08-24T19:51:59.212Z] [unzip] else mkdir: /Users/samanshaheen/.cache/firebase/emulators/ui-v1.15.0/client/assets/provider-icons
[debug] [2025-08-24T19:51:59.212Z] [unzip] deflating: /Users/samanshaheen/.cache/firebase/emulators/ui-v1.15.0/client/assets/provider-icons/auth_service_facebook.svg
[debug] [2025-08-24T19:51:59.212Z] [unzip] Entry: client/assets/provider-icons/auth_service_game_center.svg (compressed_size=991 bytes, uncompressed_size=3921 bytes)
[debug] [2025-08-24T19:51:59.213Z] [unzip] Processing entry: client/assets/provider-icons/auth_service_game_center.svg
[debug] [2025-08-24T19:51:59.213Z] [unzip] else mkdir: /Users/samanshaheen/.cache/firebase/emulators/ui-v1.15.0/client/assets/provider-icons
[debug] [2025-08-24T19:51:59.213Z] [unzip] deflating: /Users/samanshaheen/.cache/firebase/emulators/ui-v1.15.0/client/assets/provider-icons/auth_service_game_center.svg
[debug] [2025-08-24T19:51:59.213Z] [unzip] Entry: client/assets/provider-icons/auth_service_apple.svg (compressed_size=230 bytes, uncompressed_size=334 bytes)
[debug] [2025-08-24T19:51:59.213Z] [unzip] Processing entry: client/assets/provider-icons/auth_service_apple.svg
[debug] [2025-08-24T19:51:59.213Z] [unzip] else mkdir: /Users/samanshaheen/.cache/firebase/emulators/ui-v1.15.0/client/assets/provider-icons
[debug] [2025-08-24T19:51:59.213Z] [unzip] deflating: /Users/samanshaheen/.cache/firebase/emulators/ui-v1.15.0/client/assets/provider-icons/auth_service_apple.svg
[debug] [2025-08-24T19:51:59.213Z] [unzip] Entry: client/assets/provider-icons/auth_service_github.svg (compressed_size=466 bytes, uncompressed_size=838 bytes)
[debug] [2025-08-24T19:51:59.213Z] [unzip] Processing entry: client/assets/provider-icons/auth_service_github.svg
[debug] [2025-08-24T19:51:59.213Z] [unzip] else mkdir: /Users/samanshaheen/.cache/firebase/emulators/ui-v1.15.0/client/assets/provider-icons
[debug] [2025-08-24T19:51:59.213Z] [unzip] deflating: /Users/samanshaheen/.cache/firebase/emulators/ui-v1.15.0/client/assets/provider-icons/auth_service_github.svg
[debug] [2025-08-24T19:51:59.213Z] [unzip] Entry: client/assets/provider-icons/auth_service_mslive.svg (compressed_size=203 bytes, uncompressed_size=378 bytes)
[debug] [2025-08-24T19:51:59.213Z] [unzip] Processing entry: client/assets/provider-icons/auth_service_mslive.svg
[debug] [2025-08-24T19:51:59.213Z] [unzip] else mkdir: /Users/samanshaheen/.cache/firebase/emulators/ui-v1.15.0/client/assets/provider-icons
[debug] [2025-08-24T19:51:59.213Z] [unzip] deflating: /Users/samanshaheen/.cache/firebase/emulators/ui-v1.15.0/client/assets/provider-icons/auth_service_mslive.svg
[debug] [2025-08-24T19:51:59.214Z] [unzip] Entry: client/assets/provider-icons/auth_service_yahoo.svg (compressed_size=577 bytes, uncompressed_size=1182 bytes)
[debug] [2025-08-24T19:51:59.214Z] [unzip] Processing entry: client/assets/provider-icons/auth_service_yahoo.svg
[debug] [2025-08-24T19:51:59.214Z] [unzip] else mkdir: /Users/samanshaheen/.cache/firebase/emulators/ui-v1.15.0/client/assets/provider-icons
[debug] [2025-08-24T19:51:59.214Z] [unzip] deflating: /Users/samanshaheen/.cache/firebase/emulators/ui-v1.15.0/client/assets/provider-icons/auth_service_yahoo.svg
[debug] [2025-08-24T19:51:59.214Z] [unzip] Entry: client/assets/provider-icons/auth_service_twitter.svg (compressed_size=444 bytes, uncompressed_size=751 bytes)
[debug] [2025-08-24T19:51:59.214Z] [unzip] Processing entry: client/assets/provider-icons/auth_service_twitter.svg
[debug] [2025-08-24T19:51:59.214Z] [unzip] else mkdir: /Users/samanshaheen/.cache/firebase/emulators/ui-v1.15.0/client/assets/provider-icons
[debug] [2025-08-24T19:51:59.214Z] [unzip] deflating: /Users/samanshaheen/.cache/firebase/emulators/ui-v1.15.0/client/assets/provider-icons/auth_service_twitter.svg
[debug] [2025-08-24T19:51:59.214Z] [unzip] Entry: client/assets/provider-icons/auth_service_play_games.svg (compressed_size=565 bytes, uncompressed_size=1173 bytes)
[debug] [2025-08-24T19:51:59.214Z] [unzip] Processing entry: client/assets/provider-icons/auth_service_play_games.svg
[debug] [2025-08-24T19:51:59.214Z] [unzip] else mkdir: /Users/samanshaheen/.cache/firebase/emulators/ui-v1.15.0/client/assets/provider-icons
[debug] [2025-08-24T19:51:59.214Z] [unzip] deflating: /Users/samanshaheen/.cache/firebase/emulators/ui-v1.15.0/client/assets/provider-icons/auth_service_play_games.svg
[debug] [2025-08-24T19:51:59.214Z] [unzip] Entry: client/assets/provider-icons/auth_service_email.svg (compressed_size=228 bytes, uncompressed_size=326 bytes)
[debug] [2025-08-24T19:51:59.214Z] [unzip] Processing entry: client/assets/provider-icons/auth_service_email.svg
[debug] [2025-08-24T19:51:59.214Z] [unzip] else mkdir: /Users/samanshaheen/.cache/firebase/emulators/ui-v1.15.0/client/assets/provider-icons
[debug] [2025-08-24T19:51:59.214Z] [unzip] deflating: /Users/samanshaheen/.cache/firebase/emulators/ui-v1.15.0/client/assets/provider-icons/auth_service_email.svg
[debug] [2025-08-24T19:51:59.214Z] [unzip] Entry: client/assets/provider-icons/auth_service_google.svg (compressed_size=409 bytes, uncompressed_size=720 bytes)
[debug] [2025-08-24T19:51:59.214Z] [unzip] Processing entry: client/assets/provider-icons/auth_service_google.svg
[debug] [2025-08-24T19:51:59.214Z] [unzip] else mkdir: /Users/samanshaheen/.cache/firebase/emulators/ui-v1.15.0/client/assets/provider-icons
[debug] [2025-08-24T19:51:59.215Z] [unzip] deflating: /Users/samanshaheen/.cache/firebase/emulators/ui-v1.15.0/client/assets/provider-icons/auth_service_google.svg
[debug] [2025-08-24T19:51:59.215Z] [unzip] Entry: client/assets/provider-icons/auth_service_oidc.svg (compressed_size=414 bytes, uncompressed_size=858 bytes)
[debug] [2025-08-24T19:51:59.215Z] [unzip] Processing entry: client/assets/provider-icons/auth_service_oidc.svg
[debug] [2025-08-24T19:51:59.215Z] [unzip] else mkdir: /Users/samanshaheen/.cache/firebase/emulators/ui-v1.15.0/client/assets/provider-icons
[debug] [2025-08-24T19:51:59.215Z] [unzip] deflating: /Users/samanshaheen/.cache/firebase/emulators/ui-v1.15.0/client/assets/provider-icons/auth_service_oidc.svg
[debug] [2025-08-24T19:51:59.215Z] [unzip] Entry: client/browserconfig.xml (compressed_size=491 bytes, uncompressed_size=822 bytes)
[debug] [2025-08-24T19:51:59.215Z] [unzip] Processing entry: client/browserconfig.xml
[debug] [2025-08-24T19:51:59.215Z] [unzip] else mkdir: /Users/samanshaheen/.cache/firebase/emulators/ui-v1.15.0/client
[debug] [2025-08-24T19:51:59.215Z] [unzip] deflating: /Users/samanshaheen/.cache/firebase/emulators/ui-v1.15.0/client/browserconfig.xml
[debug] [2025-08-24T19:51:59.215Z] [unzip] Entry: client/favicon-32x32.png (compressed_size=475 bytes, uncompressed_size=475 bytes)
[debug] [2025-08-24T19:51:59.215Z] [unzip] Processing entry: client/favicon-32x32.png
[debug] [2025-08-24T19:51:59.215Z] [unzip] else mkdir: /Users/samanshaheen/.cache/firebase/emulators/ui-v1.15.0/client
[debug] [2025-08-24T19:51:59.215Z] [unzip] Writing file: /Users/samanshaheen/.cache/firebase/emulators/ui-v1.15.0/client/favicon-32x32.png
[debug] [2025-08-24T19:51:59.215Z] [unzip] Entry: server/ (compressed_size=0 bytes, uncompressed_size=0 bytes)
[debug] [2025-08-24T19:51:59.215Z] [unzip] Processing entry: server/
[debug] [2025-08-24T19:51:59.215Z] [unzip] mkdir: /Users/samanshaheen/.cache/firebase/emulators/ui-v1.15.0/server/
[debug] [2025-08-24T19:51:59.215Z] [unzip] Entry: server/server.mjs.map (compressed_size=217845 bytes, uncompressed_size=944978 bytes)
[debug] [2025-08-24T19:51:59.215Z] [unzip] Processing entry: server/server.mjs.map
[debug] [2025-08-24T19:51:59.215Z] [unzip] else mkdir: /Users/samanshaheen/.cache/firebase/emulators/ui-v1.15.0/server
[debug] [2025-08-24T19:51:59.215Z] [unzip] deflating: /Users/samanshaheen/.cache/firebase/emulators/ui-v1.15.0/server/server.mjs.map
[debug] [2025-08-24T19:51:59.217Z] [unzip] Entry: server/server.mjs (compressed_size=276407 bytes, uncompressed_size=933701 bytes)
[debug] [2025-08-24T19:51:59.217Z] [unzip] Processing entry: server/server.mjs
[debug] [2025-08-24T19:51:59.217Z] [unzip] else mkdir: /Users/samanshaheen/.cache/firebase/emulators/ui-v1.15.0/server
[debug] [2025-08-24T19:51:59.217Z] [unzip] deflating: /Users/samanshaheen/.cache/firebase/emulators/ui-v1.15.0/server/server.mjs
[debug] [2025-08-24T19:51:59.220Z] >>> [apiv2][query] PUT http://127.0.0.1:9000/.settings/rules.json ns=cloudspa-262a4-default-rtdb
[debug] [2025-08-24T19:51:59.220Z] >>> [apiv2][body] PUT http://127.0.0.1:9000/.settings/rules.json "{\n  \"rules\": {\n    \".read\": false,\n    \".write\": false\n  }\n}"
[debug] [2025-08-24T19:51:59.302Z] 21:51:59.302 [NamespaceSystem-akka.actor.default-dispatcher-5] INFO com.firebase.core.namespace.NamespaceActor - cloudspa-262a4-default-rtdb successfully activated FBKV (SurveyIdle(0)) wait: 40ms, init: 0ms
 {"metadata":{"emulator":{"name":"database"},"message":"21:51:59.302 [NamespaceSystem-akka.actor.default-dispatcher-5] INFO com.firebase.core.namespace.NamespaceActor - cloudspa-262a4-default-rtdb successfully activated FBKV (SurveyIdle(0)) wait: 40ms, init: 0ms\n"}}
[debug] [2025-08-24T19:51:59.322Z] 21:51:59.322 [NamespaceSystem-blocking-namespace-operation-dispatcher-7] INFO com.firebase.core.namespace.StateManager - Namespace cloudspa-262a4-default-rtdb status Active to Active
 {"metadata":{"emulator":{"name":"database"},"message":"21:51:59.322 [NamespaceSystem-blocking-namespace-operation-dispatcher-7] INFO com.firebase.core.namespace.StateManager - Namespace cloudspa-262a4-default-rtdb status Active to Active\n"}}
[debug] [2025-08-24T19:51:59.331Z] <<< [apiv2][status] PUT http://127.0.0.1:9000/.settings/rules.json 200
[debug] [2025-08-24T19:51:59.331Z] <<< [apiv2][body] PUT http://127.0.0.1:9000/.settings/rules.json {"status":"ok"}
[debug] [2025-08-24T19:51:59.332Z] Could not find VSCode notification endpoint: FetchError: request to http://localhost:40001/vscode/notify failed, reason: . If you are not running the Firebase Data Connect VSCode extension, this is expected and not an issue.
[info] 
┌─────────────────────────────────────────────────────────────┐
│ ✔  All emulators ready! It is now safe to connect your app. │
│ i  View Emulator UI at http://127.0.0.1:4000/               │
└─────────────────────────────────────────────────────────────┘

┌────────────────┬────────────────┬────────────────────────────────┐
│ Emulator       │ Host:Port      │ View in Emulator UI            │
├────────────────┼────────────────┼────────────────────────────────┤
│ Authentication │ 127.0.0.1:9099 │ http://127.0.0.1:4000/auth     │
├────────────────┼────────────────┼────────────────────────────────┤
│ Database       │ 127.0.0.1:9000 │ http://127.0.0.1:4000/database │
└────────────────┴────────────────┴────────────────────────────────┘
  Emulator Hub host: 127.0.0.1 port: 4400
  Other reserved ports: 4500

Issues? Report them at https://github.com/firebase/firebase-tools/issues and attach the *-debug.log files.
 
[debug] [2025-08-24T19:52:13.190Z] 21:52:13.189 [FirebaseWorkerPool-1-4] WARN com.firebase.core.persistence.backend.dummy.EmulatorMetadataPersistence - Multiple projectIds are not recommended in single project mode. Requested 
namespace 127, but the emulator is configured for cloudspa-262a4-default-rtdb. To 
opt-out of single project mode add/set the singleProjectMode: false property in 
the firebase.json emulators config. 
 {"metadata":{"emulator":{"name":"database"},"message":"21:52:13.189 [FirebaseWorkerPool-1-4] WARN com.firebase.core.persistence.backend.dummy.EmulatorMetadataPersistence - Multiple projectIds are not recommended in single project mode. Requested \nnamespace 127, but the emulator is configured for cloudspa-262a4-default-rtdb. To \nopt-out of single project mode add/set the singleProjectMode: false property in \nthe firebase.json emulators config. \n"}}
[debug] [2025-08-24T19:52:13.195Z] 21:52:13.195 [NamespaceSystem-akka.actor.default-dispatcher-6] INFO com.firebase.core.namespace.NamespaceActor - 127 successfully activated FBKV (SurveyIdle(0)) wait: 3ms, init: 0ms
 {"metadata":{"emulator":{"name":"database"},"message":"21:52:13.195 [NamespaceSystem-akka.actor.default-dispatcher-6] INFO com.firebase.core.namespace.NamespaceActor - 127 successfully activated FBKV (SurveyIdle(0)) wait: 3ms, init: 0ms\n"}}
